This is pdfTeX, Version 3.141592653-2.6-1.40.22 (TeX Live 2021) (preloaded format=pdflatex 2023.3.4)  23 APR 2023 22:54
entering extended mode
 restricted \write18 enabled.
 file:line:error style messages enabled.
 %&-line parsing enabled.
**/home/david/source/bioinformatika/modelovani_v_bioinformatice/ant_colony_model/template/main.tex
(/home/david/source/bioinformatika/modelovani_v_bioinformatice/ant_colony_model/template/main.tex
LaTeX2e <2020-10-01> patch level 4
L3 programming layer <2021-05-07> (/usr/share/texlive/texmf-dist/tex/latex/base/article.cls
Document Class: article 2020/04/10 v1.4m Standard LaTeX document class
(/usr/share/texlive/texmf-dist/tex/latex/base/size10.clo
File: size10.clo 2020/04/10 v1.4m Standard LaTeX file (size option)
)
\c@part=\count179
\c@section=\count180
\c@subsection=\count181
\c@subsubsection=\count182
\c@paragraph=\count183
\c@subparagraph=\count184
\c@figure=\count185
\c@table=\count186
\abovecaptionskip=\skip47
\belowcaptionskip=\skip48
\bibindent=\dimen138
) (./pisika.dat (/usr/share/texlive/texmf-dist/tex/latex/base/latexsym.sty
Package: latexsym 1998/08/17 v2.2e Standard LaTeX package (lasy symbols)
\symlasy=\mathgroup4
LaTeX Font Info:    Overwriting symbol font `lasy' in version `bold'
(Font)                  U/lasy/m/n --> U/lasy/b/n on input line 52.
) (/usr/share/texlive/texmf-dist/tex/latex/hyperref/hyperref.sty
Package: hyperref 2021-02-27 v7.00k Hypertext links for LaTeX
 (/usr/share/texlive/texmf-dist/tex/generic/ltxcmds/ltxcmds.sty
Package: ltxcmds 2020-05-10 v1.25 LaTeX kernel commands for general use (HO)
) (/usr/share/texlive/texmf-dist/tex/generic/iftex/iftex.sty
Package: iftex 2020/03/06 v1.0d TeX engine tests
) (/usr/share/texlive/texmf-dist/tex/generic/pdftexcmds/pdftexcmds.sty
Package: pdftexcmds 2020-06-27 v0.33 Utility functions of pdfTeX for LuaTeX (HO)
 (/usr/share/texlive/texmf-dist/tex/generic/infwarerr/infwarerr.sty
Package: infwarerr 2019/12/03 v1.5 Providing info/warning/error messages (HO)
)
Package pdftexcmds Info: \pdf@primitive is available.
Package pdftexcmds Info: \pdf@ifprimitive is available.
Package pdftexcmds Info: \pdfdraftmode found.
) (/usr/share/texlive/texmf-dist/tex/latex/graphics/keyval.sty
Package: keyval 2014/10/28 v1.15 key=value parser (DPC)
\KV@toks@=\toks15
) (/usr/share/texlive/texmf-dist/tex/generic/kvsetkeys/kvsetkeys.sty
Package: kvsetkeys 2019/12/15 v1.18 Key value parser (HO)
) (/usr/share/texlive/texmf-dist/tex/generic/kvdefinekeys/kvdefinekeys.sty
Package: kvdefinekeys 2019-12-19 v1.6 Define keys (HO)
) (/usr/share/texlive/texmf-dist/tex/generic/pdfescape/pdfescape.sty
Package: pdfescape 2019/12/09 v1.15 Implements pdfTeX's escape features (HO)
) (/usr/share/texlive/texmf-dist/tex/latex/hycolor/hycolor.sty
Package: hycolor 2020-01-27 v1.10 Color options for hyperref/bookmark (HO)
) (/usr/share/texlive/texmf-dist/tex/latex/letltxmacro/letltxmacro.sty
Package: letltxmacro 2019/12/03 v1.6 Let assignment for LaTeX macros (HO)
) (/usr/share/texlive/texmf-dist/tex/latex/auxhook/auxhook.sty
Package: auxhook 2019-12-17 v1.6 Hooks for auxiliary files (HO)
) (/usr/share/texlive/texmf-dist/tex/latex/kvoptions/kvoptions.sty
Package: kvoptions 2020-10-07 v3.14 Key value format for package options (HO)
)
\@linkdim=\dimen139
\Hy@linkcounter=\count187
\Hy@pagecounter=\count188
 (/usr/share/texlive/texmf-dist/tex/latex/hyperref/pd1enc.def
File: pd1enc.def 2021-02-27 v7.00k Hyperref: PDFDocEncoding definition (HO)
Now handling font encoding PD1 ...
... no UTF-8 mapping file for font encoding PD1
) (/usr/share/texlive/texmf-dist/tex/latex/hyperref/hyperref-langpatches.def
File: hyperref-langpatches.def 2021-02-27 v7.00k Hyperref: patches for babel languages
) (/usr/share/texlive/texmf-dist/tex/generic/intcalc/intcalc.sty
Package: intcalc 2019/12/15 v1.3 Expandable calculations with integers (HO)
) (/usr/share/texlive/texmf-dist/tex/generic/etexcmds/etexcmds.sty
Package: etexcmds 2019/12/15 v1.7 Avoid name clashes with e-TeX commands (HO)
)
\Hy@SavedSpaceFactor=\count189
 (/usr/share/texlive/texmf-dist/tex/latex/hyperref/puenc.def
File: puenc.def 2021-02-27 v7.00k Hyperref: PDF Unicode definition (HO)
Now handling font encoding PU ...
... no UTF-8 mapping file for font encoding PU
)
Package hyperref Info: Hyper figures OFF on input line 4192.
Package hyperref Info: Link nesting OFF on input line 4197.
Package hyperref Info: Hyper index ON on input line 4200.
Package hyperref Info: Plain pages OFF on input line 4207.
Package hyperref Info: Backreferencing OFF on input line 4212.
Package hyperref Info: Implicit mode ON; LaTeX internals redefined.
Package hyperref Info: Bookmarks ON on input line 4445.
\c@Hy@tempcnt=\count190
 (/usr/share/texlive/texmf-dist/tex/latex/url/url.sty
\Urlmuskip=\muskip16
Package: url 2013/09/16  ver 3.4  Verb mode for urls, etc.
)
LaTeX Info: Redefining \url on input line 4804.
\XeTeXLinkMargin=\dimen140
 (/usr/share/texlive/texmf-dist/tex/generic/bitset/bitset.sty
Package: bitset 2019/12/09 v1.3 Handle bit-vector datatype (HO)
 (/usr/share/texlive/texmf-dist/tex/generic/bigintcalc/bigintcalc.sty
Package: bigintcalc 2019/12/15 v1.5 Expandable calculations on big integers (HO)
))
\Fld@menulength=\count191
\Field@Width=\dimen141
\Fld@charsize=\dimen142
Package hyperref Info: Hyper figures OFF on input line 6075.
Package hyperref Info: Link nesting OFF on input line 6080.
Package hyperref Info: Hyper index ON on input line 6083.
Package hyperref Info: backreferencing OFF on input line 6090.
Package hyperref Info: Link coloring OFF on input line 6095.
Package hyperref Info: Link coloring with OCG OFF on input line 6100.
Package hyperref Info: PDF/A mode OFF on input line 6105.
LaTeX Info: Redefining \ref on input line 6145.
LaTeX Info: Redefining \pageref on input line 6149.
 (/usr/share/texlive/texmf-dist/tex/latex/base/atbegshi-ltx.sty
Package: atbegshi-ltx 2020/08/17 v1.0a Emulation of the original atbegshi package
with kernel methods
)
\Hy@abspage=\count192
\c@Item=\count193
\c@Hfootnote=\count194
)
Package hyperref Info: Driver (autodetected): hpdftex.
 (/usr/share/texlive/texmf-dist/tex/latex/hyperref/hpdftex.def
File: hpdftex.def 2021-02-27 v7.00k Hyperref driver for pdfTeX
 (/usr/share/texlive/texmf-dist/tex/latex/base/atveryend-ltx.sty
Package: atveryend-ltx 2020/08/19 v1.0a Emulation of the original atvery package
with kernel methods
)
\Fld@listcount=\count195
\c@bookmark@seq@number=\count196
 (/usr/share/texlive/texmf-dist/tex/latex/rerunfilecheck/rerunfilecheck.sty
Package: rerunfilecheck 2019/12/05 v1.9 Rerun checks for auxiliary files (HO)
 (/usr/share/texlive/texmf-dist/tex/generic/uniquecounter/uniquecounter.sty
Package: uniquecounter 2019/12/15 v1.4 Provide unlimited unique counter (HO)
)
Package uniquecounter Info: New unique counter `rerunfilecheck' on input line 286.
)
\Hy@SectionHShift=\skip49
)
Package hyperref Info: Option `colorlinks' set `true' on input line 9.
 (/usr/share/texlive/texmf-dist/tex/latex/graphics/graphicx.sty
Package: graphicx 2020/09/09 v1.2b Enhanced LaTeX Graphics (DPC,SPQR)
 (/usr/share/texlive/texmf-dist/tex/latex/graphics/graphics.sty
Package: graphics 2020/08/30 v1.4c Standard LaTeX Graphics (DPC,SPQR)
 (/usr/share/texlive/texmf-dist/tex/latex/graphics/trig.sty
Package: trig 2016/01/03 v1.10 sin cos tan (DPC)
) (/usr/share/texlive/texmf-dist/tex/latex/graphics-cfg/graphics.cfg
File: graphics.cfg 2016/06/04 v1.11 sample graphics configuration
)
Package graphics Info: Driver file: pdftex.def on input line 105.
 (/usr/share/texlive/texmf-dist/tex/latex/graphics-def/pdftex.def
File: pdftex.def 2020/10/05 v1.2a Graphics/color driver for pdftex
))
\Gin@req@height=\dimen143
\Gin@req@width=\dimen144
) (/usr/share/texlive/texmf-dist/tex/latex/amsmath/amsmath.sty
Package: amsmath 2020/09/23 v2.17i AMS math features
\@mathmargin=\skip50

For additional information on amsmath, use the `?' option.
(/usr/share/texlive/texmf-dist/tex/latex/amsmath/amstext.sty
Package: amstext 2000/06/29 v2.01 AMS text
 (/usr/share/texlive/texmf-dist/tex/latex/amsmath/amsgen.sty
File: amsgen.sty 1999/11/30 v2.0 generic functions
\@emptytoks=\toks16
\ex@=\dimen145
)) (/usr/share/texlive/texmf-dist/tex/latex/amsmath/amsbsy.sty
Package: amsbsy 1999/11/29 v1.2d Bold Symbols
\pmbraise@=\dimen146
) (/usr/share/texlive/texmf-dist/tex/latex/amsmath/amsopn.sty
Package: amsopn 2016/03/08 v2.02 operator names
)
\inf@bad=\count197
LaTeX Info: Redefining \frac on input line 234.
\uproot@=\count198
\leftroot@=\count199
LaTeX Info: Redefining \overline on input line 399.
\classnum@=\count266
\DOTSCASE@=\count267
LaTeX Info: Redefining \ldots on input line 496.
LaTeX Info: Redefining \dots on input line 499.
LaTeX Info: Redefining \cdots on input line 620.
\Mathstrutbox@=\box47
\strutbox@=\box48
\big@size=\dimen147
LaTeX Font Info:    Redeclaring font encoding OML on input line 743.
LaTeX Font Info:    Redeclaring font encoding OMS on input line 744.
\macc@depth=\count268
\c@MaxMatrixCols=\count269
\dotsspace@=\muskip17
\c@parentequation=\count270
\dspbrk@lvl=\count271
\tag@help=\toks17
\row@=\count272
\column@=\count273
\maxfields@=\count274
\andhelp@=\toks18
\eqnshift@=\dimen148
\alignsep@=\dimen149
\tagshift@=\dimen150
\tagwidth@=\dimen151
\totwidth@=\dimen152
\lineht@=\dimen153
\@envbody=\toks19
\multlinegap=\skip51
\multlinetaggap=\skip52
\mathdisplay@stack=\toks20
LaTeX Info: Redefining \[ on input line 2923.
LaTeX Info: Redefining \] on input line 2924.
) (/usr/share/texlive/texmf-dist/tex/latex/amsfonts/amssymb.sty
Package: amssymb 2013/01/14 v3.01 AMS font symbols
 (/usr/share/texlive/texmf-dist/tex/latex/amsfonts/amsfonts.sty
Package: amsfonts 2013/01/14 v3.01 Basic AMSFonts support
\symAMSa=\mathgroup5
\symAMSb=\mathgroup6
LaTeX Font Info:    Redeclaring math symbol \hbar on input line 98.
LaTeX Font Info:    Overwriting math alphabet `\mathfrak' in version `bold'
(Font)                  U/euf/m/n --> U/euf/b/n on input line 106.
)) (/usr/share/texlive/texmf-dist/tex/latex/preprint/authblk.sty
Package: authblk 2001/02/27 1.3 (PWD)
\affilsep=\skip53
\@affilsep=\skip54
\c@Maxaffil=\count275
\c@authors=\count276
\c@affil=\count277
) (/usr/share/texlive/texmf-dist/tex/latex/geometry/geometry.sty
Package: geometry 2020/01/02 v5.9 Page Geometry
 (/usr/share/texlive/texmf-dist/tex/generic/iftex/ifvtex.sty
Package: ifvtex 2019/10/25 v1.7 ifvtex legacy package. Use iftex instead.
)
\Gm@cnth=\count278
\Gm@cntv=\count279
\c@Gm@tempcnt=\count280
\Gm@bindingoffset=\dimen154
\Gm@wd@mp=\dimen155
\Gm@odd@mp=\dimen156
\Gm@even@mp=\dimen157
\Gm@layoutwidth=\dimen158
\Gm@layoutheight=\dimen159
\Gm@layouthoffset=\dimen160
\Gm@layoutvoffset=\dimen161
\Gm@dimlist=\toks21
)
\abstract@box=\box49
 (/usr/share/texlive/texmf-dist/tex/latex/booktabs/booktabs.sty
Package: booktabs 2020/01/12 v1.61803398 Publication quality tables
\heavyrulewidth=\dimen162
\lightrulewidth=\dimen163
\cmidrulewidth=\dimen164
\belowrulesep=\dimen165
\belowbottomsep=\dimen166
\aboverulesep=\dimen167
\abovetopsep=\dimen168
\cmidrulesep=\dimen169
\cmidrulekern=\dimen170
\defaultaddspace=\dimen171
\@cmidla=\count281
\@cmidlb=\count282
\@aboverulesep=\dimen172
\@belowrulesep=\dimen173
\@thisruleclass=\count283
\@lastruleclass=\count284
\@thisrulewidth=\dimen174
) (/usr/share/texlive/texmf-dist/tex/latex/tools/dcolumn.sty
Package: dcolumn 2014/10/28 v1.06 decimal alignment package (DPC)
 (/usr/share/texlive/texmf-dist/tex/latex/tools/array.sty
Package: array 2020/10/01 v2.5c Tabular extension package (FMi)
\col@sep=\dimen175
\ar@mcellbox=\box50
\extrarowheight=\dimen176
\NC@list=\toks22
\extratabsurround=\skip55
\backup@length=\skip56
\ar@cellbox=\box51
)) (/usr/share/texlive/texmf-dist/tex/latex/caption/caption.sty
Package: caption 2020/10/26 v3.5g Customizing captions (AR)
 (/usr/share/texlive/texmf-dist/tex/latex/caption/caption3.sty
Package: caption3 2020/10/21 v2.2e caption3 kernel (AR)
\captionmargin=\dimen177
\captionmargin@=\dimen178
\captionwidth=\dimen179
\caption@tempdima=\dimen180
\caption@indent=\dimen181
\caption@parindent=\dimen182
\caption@hangindent=\dimen183
Package caption Info: Standard document class detected.
)
\c@caption@flags=\count285
\c@continuedfloat=\count286
Package caption Info: hyperref package is loaded.
) (/usr/share/texlive/texmf-dist/tex/latex/natbib/natbib.sty
Package: natbib 2010/09/13 8.31b (PWD, AO)
\bibhang=\skip57
\bibsep=\skip58
LaTeX Info: Redefining \cite on input line 694.
\c@NAT@ctr=\count287
) (/usr/share/texlive/texmf-dist/tex/latex/fancyhdr/fancyhdr.sty
Package: fancyhdr 2022/11/09 v4.1 Extensive control of page headers and footers
\f@nch@headwidth=\skip59
\f@nch@O@elh=\skip60
\f@nch@O@erh=\skip61
\f@nch@O@olh=\skip62
\f@nch@O@orh=\skip63
\f@nch@O@elf=\skip64
\f@nch@O@erf=\skip65
\f@nch@O@olf=\skip66
\f@nch@O@orf=\skip67
) (/usr/share/texlive/texmf-dist/tex/latex/tools/bm.sty
Package: bm 2019/07/24 v1.2d Bold Symbol Support (DPC/FMi)
\symboldoperators=\mathgroup7
\symboldletters=\mathgroup8
\symboldsymbols=\mathgroup9
\symboldlasy=\mathgroup10
LaTeX Font Info:    Redeclaring math alphabet \mathbf on input line 141.
LaTeX Info: Redefining \bm on input line 209.
)) (/usr/share/texlive/texmf-dist/tex/latex/l3backend/l3backend-pdftex.def
File: l3backend-pdftex.def 2021-05-07 L3 backend support: PDF output (pdfTeX)
\l__color_backend_stack_int=\count288
\l__pdf_internal_box=\box52
) (./main.aux)
\openout1 = `main.aux'.

LaTeX Font Info:    Checking defaults for OML/cmm/m/it on input line 9.
LaTeX Font Info:    ... okay on input line 9.
LaTeX Font Info:    Checking defaults for OMS/cmsy/m/n on input line 9.
LaTeX Font Info:    ... okay on input line 9.
LaTeX Font Info:    Checking defaults for OT1/cmr/m/n on input line 9.
LaTeX Font Info:    ... okay on input line 9.
LaTeX Font Info:    Checking defaults for T1/cmr/m/n on input line 9.
LaTeX Font Info:    ... okay on input line 9.
LaTeX Font Info:    Checking defaults for TS1/cmr/m/n on input line 9.
LaTeX Font Info:    ... okay on input line 9.
LaTeX Font Info:    Checking defaults for OMX/cmex/m/n on input line 9.
LaTeX Font Info:    ... okay on input line 9.
LaTeX Font Info:    Checking defaults for U/cmr/m/n on input line 9.
LaTeX Font Info:    ... okay on input line 9.
LaTeX Font Info:    Checking defaults for PD1/pdf/m/n on input line 9.
LaTeX Font Info:    ... okay on input line 9.
LaTeX Font Info:    Checking defaults for PU/pdf/m/n on input line 9.
LaTeX Font Info:    ... okay on input line 9.
 (/usr/share/texlive/texmf-dist/tex/latex/graphics/color.sty
Package: color 2020/02/24 v1.2b Standard LaTeX Color (DPC)
 (/usr/share/texlive/texmf-dist/tex/latex/graphics-cfg/color.cfg
File: color.cfg 2016/01/02 v1.6 sample color configuration
)
Package color Info: Driver file: pdftex.def on input line 147.
)
Package hyperref Info: Link coloring ON on input line 9.
 (/usr/share/texlive/texmf-dist/tex/latex/hyperref/nameref.sty
Package: nameref 2021-04-02 v2.47 Cross-referencing by name of section
 (/usr/share/texlive/texmf-dist/tex/latex/refcount/refcount.sty
Package: refcount 2019/12/15 v3.6 Data extraction from label references (HO)
) (/usr/share/texlive/texmf-dist/tex/generic/gettitlestring/gettitlestring.sty
Package: gettitlestring 2019/12/15 v1.6 Cleanup title references (HO)
)
\c@section@level=\count289
)
LaTeX Info: Redefining \ref on input line 9.
LaTeX Info: Redefining \pageref on input line 9.
LaTeX Info: Redefining \nameref on input line 9.
 (./main.out) (./main.out)
\@outlinefile=\write3
\openout3 = `main.out'.

 (/usr/share/texlive/texmf-dist/tex/context/base/mkii/supp-pdf.mkii
[Loading MPS to PDF converter (version 2006.09.02).]
\scratchcounter=\count290
\scratchdimen=\dimen184
\scratchbox=\box53
\nofMPsegments=\count291
\nofMParguments=\count292
\everyMPshowfont=\toks23
\MPscratchCnt=\count293
\MPscratchDim=\dimen185
\MPnumerator=\count294
\makeMPintoPDFobject=\count295
\everyMPtoPDFconversion=\toks24
) (/usr/share/texlive/texmf-dist/tex/latex/epstopdf-pkg/epstopdf-base.sty
Package: epstopdf-base 2020-01-24 v2.11 Base part for package epstopdf
Package epstopdf-base Info: Redefining graphics rule for `.eps' on input line 485.
 (/usr/share/texlive/texmf-dist/tex/latex/latexconfig/epstopdf-sys.cfg
File: epstopdf-sys.cfg 2010/07/13 v1.3 Configuration of (r)epstopdf for TeX Live
))
*geometry* driver: auto-detecting
*geometry* detected driver: pdftex
*geometry* verbose mode - [ preamble ] result:
* driver: pdftex
* paper: a4paper
* layout: <same size as paper>
* layoutoffset:(h,v)=(0.0pt,0.0pt)
* modes: 
* h-part:(L,W,R)=(56.9055pt, 483.69687pt, 56.9055pt)
* v-part:(T,H,B)=(56.9055pt, 731.23584pt, 56.9055pt)
* \paperwidth=597.50787pt
* \paperheight=845.04684pt
* \textwidth=483.69687pt
* \textheight=731.23584pt
* \oddsidemargin=-15.36449pt
* \evensidemargin=-15.36449pt
* \topmargin=-52.36449pt
* \headheight=12.0pt
* \headsep=25.0pt
* \topskip=10.0pt
* \footskip=30.0pt
* \marginparwidth=4.0pt
* \marginparsep=10.0pt
* \columnsep=10.0pt
* \skip\footins=9.0pt plus 4.0pt minus 2.0pt
* \hoffset=0.0pt
* \voffset=0.0pt
* \mag=1000
* \@twocolumntrue
* \@twosidefalse
* \@mparswitchfalse
* \@reversemarginfalse
* (1in=72.27pt=25.4mm, 1cm=28.453pt)

Package caption Info: Begin \AtBeginDocument code.
Package caption Info: End \AtBeginDocument code.
LaTeX Font Info:    Trying to load font information for U+lasy on input line 41.
(/usr/share/texlive/texmf-dist/tex/latex/base/ulasy.fd
File: ulasy.fd 1998/08/17 v2.2e LaTeX symbol font definitions
)
LaTeX Font Info:    Trying to load font information for U+msa on input line 41.
 (/usr/share/texlive/texmf-dist/tex/latex/amsfonts/umsa.fd
File: umsa.fd 2013/01/14 v3.01 AMS symbols A
)
LaTeX Font Info:    Trying to load font information for U+msb on input line 41.
 (/usr/share/texlive/texmf-dist/tex/latex/amsfonts/umsb.fd
File: umsb.fd 2013/01/14 v3.01 AMS symbols B
)
LaTeX Font Info:    Font shape `U/lasy/b/n' in size <8> not available
(Font)              Font shape `U/lasy/m/n' tried instead on input line 41.
LaTeX Font Info:    Font shape `U/lasy/b/n' in size <6> not available
(Font)              Font shape `U/lasy/m/n' tried instead on input line 41.
LaTeX Font Info:    Font shape `U/lasy/b/n' in size <7> not available
(Font)              Font shape `U/lasy/m/n' tried instead on input line 41.
LaTeX Font Info:    Font shape `U/lasy/b/n' in size <5> not available
(Font)              Font shape `U/lasy/m/n' tried instead on input line 41.

Underfull \hbox (badness 1688) in paragraph at lines 51--64
\OT1/cmr/m/n/10 probl^^Semu, mezi n^^Te^^Tz pat^^Tr^^S^^P nap^^Tr^^S^^Pklad probl^^Sem ob-
 []


Underfull \hbox (badness 1210) in paragraph at lines 65--75
\OT1/cmr/m/n/10 mravenc^^Wu a je-jich ^^Susp^^Te^^Tsnost p^^Tri sb^^Teru po-travy v
 []


Underfull \hbox (badness 1057) in paragraph at lines 90--96
\OT1/cmr/m/n/10 chov^^San^^S^^P mravenc^^Wu v r^^Wuzn^^Sych vari-ant^^Sach prost^^Tred^^S^^P.
 []


Underfull \hbox (badness 1275) in paragraph at lines 90--96
\OT1/cmr/m/n/10 D^^Sale jsme se zam^^Te^^Trili na z^^Savislost po^^Tctu jed-inc^^Wu
 []


Underfull \hbox (badness 1810) in paragraph at lines 105--128
\OT1/cmr/m/n/10 je^^Tz je pou^^Tzita tak^^Se pro v^^Syb^^Ter parametr^^Wu, neob-
 []

[1{/usr/share/texlive/texmf-var/fonts/map/pdftex/updmap/pdftex.map}


]
<images/maze_variants.pdf, id=80, 451.6875pt x 301.125pt>
File: images/maze_variants.pdf Graphic file (type pdf)
<use images/maze_variants.pdf>
Package pdftex.def Info: images/maze_variants.pdf  used on input line 132.
(pdftex.def)             Requested size: 232.11044pt x 154.74338pt.

Underfull \hbox (badness 2538) in paragraph at lines 141--141
\OT1/cmr/m/n/9 vari-ant prost^^Tred^^S^^P mod-elu pou^^Tzit^^Sych v ex-per-i-mentech.
 []


Underfull \hbox (badness 1565) in paragraph at lines 150--163
\OT1/cmr/m/n/10 V r^^Samci kon-troly spr^^Savn^^Seho fun-gov^^San^^S^^P mod-elu a
 []


Underfull \hbox (badness 2913) in paragraph at lines 174--181
\OT1/cmr/m/n/10 kon-cen-traci fer-omonu typu \OT1/cmtt/m/n/10 food \OT1/cmr/m/n/10 v okol^^S^^P hn^^S^^Pzda
 []


Underfull \hbox (badness 3219) in paragraph at lines 174--181
\OT1/cmr/m/n/10 a fer-omonu typu \OT1/cmtt/m/n/10 nest \OT1/cmr/m/n/10 v okol^^S^^P zdroj^^Wu po-travy.
 []


Underfull \hbox (badness 1184) in paragraph at lines 225--237
\OT1/cmr/m/n/10 vy^^Ts^^Ts^^S^^P kon-ce-trace fer-omonu, proto^^Tze se zde sl^^Sevaj^^S^^P
 []

[2 <./images/maze_variants.pdf>]
Underfull \hbox (badness 1009) in paragraph at lines 247--258
\OT1/cmr/m/n/10 nosti jak^^Se jsme ji^^Tz popiso-vali v p^^Tredchoz^^S^^Pch vari-
 []


Underfull \hbox (badness 3907) in paragraph at lines 247--258
\OT1/cmr/m/n/10 ant^^Sach \OT1/cmtt/m/n/10 var-2\OT1/cmr/m/n/10 , \OT1/cmtt/m/n/10 var-3 \OT1/cmr/m/n/10 a \OT1/cmtt/m/n/10 var-5\OT1/cmr/m/n/10 . M^^Wu^^Tzeme zde
 []


Underfull \hbox (badness 2547) in paragraph at lines 247--258
\OT1/cmr/m/n/10 v^^Tsak je^^Tst^^Te v^^Syrazn^^Teji nahl^^Sednout na tvo^^Tren^^S^^P cyk-
 []

<images/pheromone_levels_300.pdf, id=122, 451.6875pt x 301.125pt>
File: images/pheromone_levels_300.pdf Graphic file (type pdf)
<use images/pheromone_levels_300.pdf>
Package pdftex.def Info: images/pheromone_levels_300.pdf  used on input line 262.
(pdftex.def)             Requested size: 232.11044pt x 154.74338pt.
<images/pheromone_levels_1000.pdf, id=123, 451.6875pt x 301.125pt>
File: images/pheromone_levels_1000.pdf Graphic file (type pdf)
<use images/pheromone_levels_1000.pdf>
Package pdftex.def Info: images/pheromone_levels_1000.pdf  used on input line 284.
(pdftex.def)             Requested size: 232.11044pt x 154.74338pt.
<images/pheromone_levels_4000.pdf, id=126, 451.6875pt x 301.125pt>
File: images/pheromone_levels_4000.pdf Graphic file (type pdf)
<use images/pheromone_levels_4000.pdf>
Package pdftex.def Info: images/pheromone_levels_4000.pdf  used on input line 300.
(pdftex.def)             Requested size: 232.11044pt x 154.74338pt.

Underfull \hbox (badness 1540) in paragraph at lines 323--338
[]\OT1/cmr/m/n/10 Nahl^^Sedli jsme, ^^Tze volba parametru $\OML/cmm/m/it/10 n$ \OT1/cmr/m/n/10 v^^Syrazn^^Te
 []


Underfull \hbox (badness 1082) in paragraph at lines 323--338
\OT1/cmr/m/n/10 odhadovaly za-cyklen^^S^^P mravenc^^Wu v okol^^S^^P k^^Tri^^Tzovatek
 []


Underfull \hbox (badness 1275) in paragraph at lines 323--338
\OT1/cmr/m/n/10 a pravd^^Tepodobn^^Te tak^^Se sn^^S^^P^^Tzen^^S^^P celkov^^Seho mno^^Tzstv^^S^^P
 []


Underfull \hbox (badness 1990) in paragraph at lines 323--338
\OT1/cmr/m/n/10 nikdy ne-do-razila do c^^S^^Ple). D^^Wuvodem rozd^^S^^Pln^^Sych
 []


Underfull \hbox (badness 3746) in paragraph at lines 339--360
[]\OT1/cmr/m/n/10 Poznatky zm^^S^^Pn^^Ten^^Se v^^Sy^^Tse jsou tak^^Se podpo^^Treny
 []

[3 <./images/pheromone_levels_300.pdf> <./images/pheromone_levels_1000.pdf

pdfTeX warning: pdflatex (file ./images/pheromone_levels_1000.pdf): PDF inclusion: multiple pdfs with page group included in a single page
> <./images/pheromone_levels_4000.pdf

pdfTeX warning: pdflatex (file ./images/pheromone_levels_4000.pdf): PDF inclusion: multiple pdfs with page group included in a single page
>]
<images/num_ants_variants_means.pdf, id=168, 354.52386pt x 356.02512pt>
File: images/num_ants_variants_means.pdf Graphic file (type pdf)
<use images/num_ants_variants_means.pdf>
Package pdftex.def Info: images/num_ants_variants_means.pdf  used on input line 363.
(pdftex.def)             Requested size: 232.11044pt x 233.09764pt.
LaTeX Font Info:    Font shape `U/lasy/b/n' in size <9> not available
(Font)              Font shape `U/lasy/m/n' tried instead on input line 366.
<images/num_ants_variants_together.pdf, id=169, 720.9835pt x 358.80864pt>
File: images/num_ants_variants_together.pdf Graphic file (type pdf)
<use images/num_ants_variants_together.pdf>
Package pdftex.def Info: images/num_ants_variants_together.pdf  used on input line 372.
(pdftex.def)             Requested size: 232.11044pt x 115.51096pt.
<images/num_ants_variants_separated.pdf, id=170, 1012.83583pt x 764.60779pt>
File: images/num_ants_variants_separated.pdf Graphic file (type pdf)
<use images/num_ants_variants_separated.pdf>
Package pdftex.def Info: images/num_ants_variants_separated.pdf  used on input line 381.
(pdftex.def)             Requested size: 232.11044pt x 175.2144pt.

Underfull \hbox (badness 1303) in paragraph at lines 386--386
\OT1/cmr/bx/n/9 na po^^Tctu mravenc^^Wu: \OT1/cmr/m/n/9 Z^^Savislosti mno^^Tzstv^^S^^P sesb^^S^^Pran^^Se
 []


Underfull \hbox (badness 7963) in paragraph at lines 394--399
\OT1/cmr/m/n/10 Posledn^^S^^Pm zk-ouman^^Sym parame-trem je z^^Savislost
 []


Underfull \hbox (badness 1281) in paragraph at lines 400--405
\OT1/cmr/m/n/10 z^^Savisl^^Se na volb^^Te parametru $\OML/cmm/m/it/10 d$ \OT1/cmr/m/n/10 (viz. obr^^Sazek [][]8[][]).
 []

<images/search_depth_variants_means.pdf, id=176, 354.52386pt x 356.02512pt>
File: images/search_depth_variants_means.pdf Graphic file (type pdf)
<use images/search_depth_variants_means.pdf>
Package pdftex.def Info: images/search_depth_variants_means.pdf  used on input line 422.
(pdftex.def)             Requested size: 232.11044pt x 233.09764pt.
<images/search_depth_variants_together.pdf, id=177, 720.9835pt x 358.77728pt>
File: images/search_depth_variants_together.pdf Graphic file (type pdf)
<use images/search_depth_variants_together.pdf>
Package pdftex.def Info: images/search_depth_variants_together.pdf  used on input line 431.
(pdftex.def)             Requested size: 232.11044pt x 115.50085pt.
<images/search_depth_variants_separated.pdf, id=178, 1012.83583pt x 764.57642pt>
File: images/search_depth_variants_separated.pdf Graphic file (type pdf)
<use images/search_depth_variants_separated.pdf>
Package pdftex.def Info: images/search_depth_variants_separated.pdf  used on input line 440.
(pdftex.def)             Requested size: 232.11044pt x 175.20721pt.

Underfull \hbox (badness 4621) in paragraph at lines 446--446
[]\OT1/cmr/bx/n/9 Obr^^Sazek 10: |Mno^^Tzstv^^S^^P sesb^^S^^Pran^^Se po-travy v
 []


Underfull \hbox (badness 5133) in paragraph at lines 446--446
\OT1/cmr/bx/n/9 z^^Savislosti na hloubce prohled^^Sav^^San^^S^^P: \OT1/cmr/m/n/9 Z^^Savislosti
 []


Underfull \hbox (badness 10000) in paragraph at lines 446--446
\OT1/cmr/m/n/9 mno^^Tzstv^^S^^P sesb^^S^^Pran^^Se po-travy p^^Tri r^^Wuzn^^Se maxim^^Saln^^S^^P
 []


Underfull \hbox (badness 6995) in paragraph at lines 446--446
\OT1/cmr/m/n/9 vzd^^Salenosti de-tekce c^^S^^Plov^^Seho ob-jektu (parametr $\OML/cmm/m/it/9 d$\OT1/cmr/m/n/9 ).
 []

[4 <./images/num_ants_variants_means.pdf> <./images/num_ants_variants_together.pdf> <./images/num_ants_variants_separated.pdf>]
Underfull \hbox (badness 1024) in paragraph at lines 459--466
\OT1/cmr/m/n/10 po-hybu mravenc^^Wu, je^^Tz vedlo k v^^Syznamn^^Semu pok-
 []


Underfull \hbox (badness 2150) in paragraph at lines 477--486
[]\OT1/cmr/m/n/10 Pou^^Tzili jsme mul-ti-a-gentn^^S^^P model v diskr^^Setn^^S^^Pm
 []


Underfull \hbox (badness 10000) in paragraph at lines 494--496
[]|\OT1/cmr/m/n/10 Objekt v bu^^Tnce (mo^^Tznosti:
 []


Underfull \hbox (badness 10000) in paragraph at lines 494--496
\OT1/cmr/m/n/10 volno, p^^Trek^^Sa^^Tzka, po-trava,
 []


Overfull \hbox (1.44472pt too wide) in paragraph at lines 490--500
 [][] 
 []


Underfull \hbox (badness 1210) in paragraph at lines 504--510
[]\OT1/cmr/m/n/10 Agenti reprezen-tuj^^S^^P jed-notliv^^Se mravence a jsou
 []


Underfull \hbox (badness 3189) in paragraph at lines 504--510
\OT1/cmr/m/n/10 Ka^^Tzd^^Sy agent v ka^^Tzd^^Sem kroku sim-u-lace provede
 []

[5 <./images/search_depth_variants_means.pdf> <./images/search_depth_variants_together.pdf> <./images/search_depth_variants_separated.pdf>]
Underfull \hbox (badness 1221) in paragraph at lines 516--517
[]\OT1/cmr/m/n/10 Vypust^^S^^P jed-notku odpov^^S^^Pdaj^^S^^Pc^^S^^Pho fer-omonu na
 []


Underfull \hbox (badness 4132) in paragraph at lines 530--539
[]\OT1/cmr/m/n/10 Kde $\OML/cmm/m/it/10 pheromone$ \OT1/cmr/m/n/10 je funkce, jej^^S^^P^^Tz hod-nota je
 []


Underfull \hbox (badness 10000) in paragraph at lines 576--578
[]|\OT1/cmr/m/n/10 Po^^Tcet mravenc^^Wu v sim-u-laci
 []


Underfull \hbox (badness 10000) in paragraph at lines 580--582
[]|\OT1/cmr/m/n/10 Maxim^^Saln^^S^^P vzd^^Salenost pro
 []


Underfull \hbox (badness 10000) in paragraph at lines 580--582
\OT1/cmr/m/n/10 de-tekov^^San^^S^^P c^^S^^Plov^^Seho ob-jektu
 []


Underfull \hbox (badness 1082) in paragraph at lines 582--584
\OT1/cmr/m/n/10 1 mravencem (^^Tc^^Sast maxim^^Saln^^S^^P
 []


Underfull \hbox (badness 4291) in paragraph at lines 584--586
\OT1/cmr/m/n/10 fuzi rozprost^^Tre do soused-stv^^S^^P
 []


Underfull \hbox (badness 1845) in paragraph at lines 610--627
\OT1/cmr/m/n/10 V ex-per-i-mentech jsme se zam^^Te^^Trili pouze na vy-
 []


Underfull \hbox (badness 1661) in paragraph at lines 610--627
\OML/cmm/m/it/10 f$\OT1/cmr/m/n/10 ), mno^^Tzstv^^S^^P fer-omonu di-fun-dovan^^Seho do soused-
 []


Underfull \hbox (badness 2393) in paragraph at lines 610--627
\OT1/cmr/m/n/10 noho mravence v ^^Tcase) a v r^^Samci zjednodu^^Tsen^^S^^P
 []

[6]
<images/grid_search_1_fade.pdf, id=499, 476.07089pt x 353.71147pt>
File: images/grid_search_1_fade.pdf Graphic file (type pdf)
<use images/grid_search_1_fade.pdf>
Package pdftex.def Info: images/grid_search_1_fade.pdf  used on input line 645.
(pdftex.def)             Requested size: 213.16214pt x 158.37529pt.

Underfull \hbox (badness 4621) in paragraph at lines 650--650
[]\OT1/cmr/bx/n/9 Obr^^Sazek 11: |Mno^^Tzstv^^S^^P sesb^^S^^Pran^^Se po-travy v
 []

<images/grid_search_1_difusion.pdf, id=500, 476.07089pt x 353.71147pt>
File: images/grid_search_1_difusion.pdf Graphic file (type pdf)
<use images/grid_search_1_difusion.pdf>
Package pdftex.def Info: images/grid_search_1_difusion.pdf  used on input line 657.
(pdftex.def)             Requested size: 213.16214pt x 158.37529pt.

Underfull \hbox (badness 4621) in paragraph at lines 662--662
[]\OT1/cmr/bx/n/9 Obr^^Sazek 12: |Mno^^Tzstv^^S^^P sesb^^S^^Pran^^Se po-travy v
 []

<images/grid_search_2_fade.pdf, id=503, 354.91148pt x 353.71147pt>
File: images/grid_search_2_fade.pdf Graphic file (type pdf)
<use images/grid_search_2_fade.pdf>
Package pdftex.def Info: images/grid_search_2_fade.pdf  used on input line 684.
(pdftex.def)             Requested size: 213.16214pt x 212.439pt.

Underfull \hbox (badness 4621) in paragraph at lines 688--688
[]\OT1/cmr/bx/n/9 Obr^^Sazek 13: |Mno^^Tzstv^^S^^P sesb^^S^^Pran^^Se po-travy v
 []


Underfull \hbox (badness 4913) in paragraph at lines 688--688
\OT1/cmr/bx/n/9 z^^Savislosti na rychlosti vyprch^^Sav^^San^^S^^P fer-omonu:
 []

<images/grid_search_2_difusion.pdf, id=504, 354.20958pt x 353.71147pt>
File: images/grid_search_2_difusion.pdf Graphic file (type pdf)
<use images/grid_search_2_difusion.pdf>
Package pdftex.def Info: images/grid_search_2_difusion.pdf  used on input line 695.
(pdftex.def)             Requested size: 213.16214pt x 212.86539pt.

Underfull \hbox (badness 4621) in paragraph at lines 699--699
[]\OT1/cmr/bx/n/9 Obr^^Sazek 14: |Mno^^Tzstv^^S^^P sesb^^S^^Pran^^Se po-travy v
 []


Underfull \hbox (badness 1132) in paragraph at lines 706--718
\OT1/cmr/m/n/10 po^^Tctu po-travy na map^^Te po up-lynut^^S^^P $4000$ it-erac^^S^^P
 []

(./main.bbl [7 <./images/grid_search_1_fade.pdf> <./images/grid_search_1_difusion.pdf> <./images/grid_search_2_fade.pdf>])
Underfull \hbox (badness 4013) in paragraph at lines 732--735
\OT1/cmr/m/n/10 ob-sahuj^^S^^Pc^^S^^P an-i-mace sim-u-lac^^S^^P dos-tupn^^Se na adrese
 []


Underfull \hbox (badness 10000) in paragraph at lines 732--735
[][]$\OT1/cmtt/m/n/10 https : / / github . com / dbeinhauer / ant _ colony _
 []

[8

 <./images/grid_search_2_difusion.pdf>] (./main.aux)
Package rerunfilecheck Info: File `main.out' has not changed.
(rerunfilecheck)             Checksum: C21BF3D0B616DDCC0AC4C261D71E4F72;1765.
 ) 
Here is how much of TeX's memory you used:
 11762 strings out of 480806
 177082 string characters out of 5905152
 499974 words of memory out of 6000000
 28882 multiletter control sequences out of 15000+600000
 421458 words of font info for 99 fonts, out of 8000000 for 9000
 14 hyphenation exceptions out of 8191
 65i,12n,66p,1077b,468s stack positions out of 5000i,500n,10000p,200000b,80000s
{/usr/share/texlive/texmf-dist/fonts/enc/dvips/cm-super/cm-super-ts1.enc}</usr/share/texlive/texmf-dist/fonts/type1/public/amsfonts/cm/cmbx10.pfb></usr/share/texlive/texmf-dist/fonts/type1/public/amsfonts/cm/cmbx12.pfb></usr/share/texlive/texmf-dist/fonts/type1/public/amsfonts/cm/cmbx9.pfb></usr/share/texlive/texmf-dist/fonts/type1/public/amsfonts/cm/cmcsc10.pfb></usr/share/texlive/texmf-dist/fonts/type1/public/amsfonts/cm/cmex10.pfb></usr/share/texlive/texmf-dist/fonts/type1/public/amsfonts/cm/cmmi10.pfb></usr/share/texlive/texmf-dist/fonts/type1/public/amsfonts/cm/cmmi7.pfb></usr/share/texlive/texmf-dist/fonts/type1/public/amsfonts/cm/cmmi9.pfb></usr/share/texlive/texmf-dist/fonts/type1/public/amsfonts/cm/cmr10.pfb></usr/share/texlive/texmf-dist/fonts/type1/public/amsfonts/cm/cmr12.pfb></usr/share/texlive/texmf-dist/fonts/type1/public/amsfonts/cm/cmr17.pfb></usr/share/texlive/texmf-dist/fonts/type1/public/amsfonts/cm/cmr6.pfb></usr/share/texlive/texmf-dist/fonts/type1/public/amsfonts/cm/cmr7.pfb></usr/share/texlive/texmf-dist/fonts/type1/public/amsfonts/cm/cmr8.pfb></usr/share/texlive/texmf-dist/fonts/type1/public/amsfonts/cm/cmr9.pfb></usr/share/texlive/texmf-dist/fonts/type1/public/amsfonts/cm/cmsy10.pfb></usr/share/texlive/texmf-dist/fonts/type1/public/amsfonts/cm/cmti10.pfb></usr/share/texlive/texmf-dist/fonts/type1/public/amsfonts/cm/cmtt10.pfb></usr/share/texlive/texmf-dist/fonts/type1/public/amsfonts/cm/cmtt8.pfb></usr/share/texlive/texmf-dist/fonts/type1/public/amsfonts/cm/cmtt9.pfb></usr/share/texlive/texmf-dist/fonts/type1/public/amsfonts/symbols/msbm10.pfb></usr/share/texlive/texmf-dist/fonts/type1/public/cm-super/sfrm1000.pfb>
Output written on main.pdf (8 pages, 1738716 bytes).
PDF statistics:
 796 PDF objects out of 1000 (max. 8388607)
 323 compressed objects within 4 object streams
 48 named destinations out of 1000 (max. 500000)
 175 words of extra memory for PDF output out of 10000 (max. 10000000)

